<?xml version="1.0" encoding="UTF-8"?>
<!-- Generated by org.testng.reporters.JUnitReportReporter -->
<testsuite hostname="H2400-0384L" name="com.testcases.TC01_Login" tests="1" failures="0" timestamp="28 Jul 2014 10:44:55 GMT" time="26.923" errors="0">
  <testcase name="loginSucess" time="26.923" classname="com.testcases.TC01_Login"/>
</testsuite> <!-- com.testcases.TC01_Login -->
